<?xml version="1.0" encoding="UTF-8"?>
<!-- Generated by org.testng.reporters.JUnitReportReporter -->
<testsuite hostname="Suraj_Mishra" failures="0" tests="1" name="apimethods.GetUSDRates" time="1.794" errors="0" timestamp="2024-04-17T20:23:24 IST" skipped="0">
  <testcase classname="apimethods.GetUSDRates" name="extractResultInPojoClass" time="1.794"/>
  <system-out/>
</testsuite> <!-- apimethods.GetUSDRates -->
