<?xml version="1.0" encoding="UTF-8"?>
<!-- Generated by org.testng.reporters.JUnitReportReporter -->
<testsuite hostname="Suraj_Mishra" failures="0" tests="4" name="runner.CurrencyConverterRunner" time="2.977" errors="0" timestamp="2024-04-20T21:34:45 IST" skipped="0">
  <testcase classname="runner.CurrencyConverterRunner" name="runScenario" time="1.976"/>
  <system-out/>
  <testcase classname="runner.CurrencyConverterRunner" name="runScenario" time="0.273"/>
  <system-out/>
  <testcase classname="runner.CurrencyConverterRunner" name="runScenario" time="0.428"/>
  <system-out/>
  <testcase classname="runner.CurrencyConverterRunner" name="runScenario" time="0.300"/>
  <system-out/>
</testsuite> <!-- runner.CurrencyConverterRunner -->
