<?xml version="1.0" encoding="UTF-8"?>
<!-- Generated by org.testng.reporters.JUnitReportReporter -->
<testsuite hostname="Suraj_Mishra" failures="0" tests="4" name="runner.CurrencyConverterRunner" time="3.157" errors="0" timestamp="2024-04-21T17:38:53 IST" skipped="0">
  <testcase classname="runner.CurrencyConverterRunner" name="runScenario" time="0.455"/>
  <testcase classname="runner.CurrencyConverterRunner" name="runScenario" time="0.264"/>
  <testcase classname="runner.CurrencyConverterRunner" name="runScenario" time="1.953"/>
  <testcase classname="runner.CurrencyConverterRunner" name="runScenario" time="0.485"/>
</testsuite> <!-- runner.CurrencyConverterRunner -->
