<?xml version="1.0" encoding="UTF-8"?>
<!-- Generated by org.testng.reporters.JUnitReportReporter -->
<testsuite hostname="Suraj_Mishra" failures="0" tests="4" name="runner.CurrencyConverterRunner" time="2.319" errors="0" timestamp="2024-04-21T17:48:01 IST" skipped="0">
  <testcase classname="runner.CurrencyConverterRunner" name="runScenario" time="1.648"/>
  <testcase classname="runner.CurrencyConverterRunner" name="runScenario" time="0.165"/>
  <testcase classname="runner.CurrencyConverterRunner" name="runScenario" time="0.150"/>
  <testcase classname="runner.CurrencyConverterRunner" name="runScenario" time="0.356"/>
</testsuite> <!-- runner.CurrencyConverterRunner -->
